<?xml version="1.0" encoding="UTF-8"?>
<testng-results ignored="0" total="1" passed="1" failed="0" skipped="0">
  <reporter-output>
  </reporter-output>
  <suite started-at="2023-06-07T19:23:04 CEST" name="Default suite" finished-at="2023-06-07T19:23:06 CEST" duration-ms="2379">
    <groups>
    </groups>
    <test started-at="2023-06-07T19:23:04 CEST" name="Default test" finished-at="2023-06-07T19:23:06 CEST" duration-ms="2379">
      <class name="pkg_iro.POST_Request">
        <test-method signature="getUserDetails()[pri:0, instance:pkg_iro.POST_Request@e15b7e8]" started-at="2023-06-07T19:23:04 CEST" name="getUserDetails" finished-at="2023-06-07T19:23:06 CEST" duration-ms="2336" status="PASS">
          <reporter-output>
          </reporter-output>
        </test-method> <!-- getUserDetails -->
      </class> <!-- pkg_iro.POST_Request -->
    </test> <!-- Default test -->
  </suite> <!-- Default suite -->
</testng-results>
